\BOOKMARK [0][-]{chapter.1}{Introducci\363n}{}% 1
\BOOKMARK [0][-]{chapter.2}{Programaci\363n lineal}{}% 2
\BOOKMARK [1][-]{section.2.1}{Objetivo de la programaci\363n lineal e interpretaci\363n en R3}{chapter.2}% 3
\BOOKMARK [1][-]{section.2.2}{Definiciones}{chapter.2}% 4
\BOOKMARK [2][-]{subsection.2.2.1}{Forma matricial y conversi\363n de formato}{section.2.2}% 5
\BOOKMARK [2][-]{subsection.2.2.2}{Resoluci\363n gr\341fica de un P.P.L.}{section.2.2}% 6
\BOOKMARK [2][-]{subsection.2.2.3}{Tipos de P.P.L. seg\372n las soluciones}{section.2.2}% 7
\BOOKMARK [1][-]{section.2.3}{Geometr\355a de conjuntos convexos}{chapter.2}% 8
\BOOKMARK [1][-]{section.2.4}{Teorema Fundamental de la P.L.}{chapter.2}% 9
\BOOKMARK [2][-]{subsection.2.4.1}{Hip\363tesis de partida}{section.2.4}% 10
\BOOKMARK [0][-]{chapter.3}{M\351todo Simplex}{}% 11
\BOOKMARK [1][-]{section.3.1}{Las tres fases del m\351todo simplex}{chapter.3}% 12
\BOOKMARK [2][-]{subsection.3.1.1}{Pivotar, "saltar"de soluci\363n b\341sica factible en soluci\363n b\341sica factible}{section.3.1}% 13
\BOOKMARK [2][-]{subsection.3.1.2}{Dada una variable no b\341sica que mejore la soluci\363n actual, \277Qu\351 variable no b\341sica debe salir?}{section.3.1}% 14
\BOOKMARK [2][-]{subsection.3.1.3}{\277Qu\351 variable no b\341sica mejora a la soluci\363n actual?}{section.3.1}% 15
\BOOKMARK [2][-]{subsection.3.1.4}{Teorema de condici\363n necesaria y suficiente de optimalidad}{section.3.1}% 16
\BOOKMARK [1][-]{section.3.2}{Degeneraci\363n del ciclado}{chapter.3}% 17
\BOOKMARK [2][-]{subsection.3.2.1}{M\351todo anticiclado}{section.3.2}% 18
\BOOKMARK [1][-]{section.3.3}{M\351todos para resolver problemas con restricciones}{chapter.3}% 19
\BOOKMARK [2][-]{subsection.3.3.1}{Resoluci\363n de PPL con restricciones \(=\) y \(\)}{section.3.3}% 20
\BOOKMARK [2][-]{subsection.3.3.2}{M\351todo de las penalizaciones}{section.3.3}% 21
\BOOKMARK [2][-]{subsection.3.3.3}{M\351todo de las dos fases}{section.3.3}% 22
\BOOKMARK [1][-]{section.3.4}{Coste computacional}{chapter.3}% 23
\BOOKMARK [2][-]{subsection.3.4.1}{Operaciones de una iteraci\363n}{section.3.4}% 24
\BOOKMARK [2][-]{subsection.3.4.2}{Operaciones totales}{section.3.4}% 25
\BOOKMARK [0][-]{chapter.4}{Problema dual de la programaci\363n lineal}{}% 26
\BOOKMARK [0][-]{chapter.5}{An\341lisis de post-optimalidad}{}% 27
\BOOKMARK [0][-]{chapter.6}{Problemas de transportes}{}% 28
